<?xml version="1.0" encoding="UTF-8"?>
<!-- Generated by org.testng.reporters.JUnitReportReporter -->
<testsuite skipped="0" hostname="Hossain" name="com.crmpro.runnerClass.RunnerClass" tests="1" failures="0" timestamp="28 Apr 2019 10:01:53 GMT" time="15.792" errors="0">
  <testcase name="feature" time="15.792" classname="com.crmpro.runnerClass.RunnerClass"/>
</testsuite> <!-- com.crmpro.runnerClass.RunnerClass -->
