<?xml version="1.0" encoding="UTF-8"?>
<!-- Generated by org.testng.reporters.JUnitReportReporter -->
<testsuite skipped="0" hostname="Hossain" name="com.crmpro.runnerClass.RunnerClass" tests="1" failures="0" timestamp="29 Apr 2019 15:51:50 GMT" time="20.924" errors="0">
  <testcase name="feature" time="20.924" classname="com.crmpro.runnerClass.RunnerClass"/>
</testsuite> <!-- com.crmpro.runnerClass.RunnerClass -->
