<?xml version="1.0" encoding="UTF-8"?>
<!-- Generated by org.testng.reporters.JUnitReportReporter -->
<testsuite hostname="Hossain" name="com.crmpro.runnerClass.RunnerClass" tests="1" failures="0" timestamp="1 Sep 2019 01:12:37 GMT" time="51.427" errors="0">
  <testcase name="feature" time="51.427" classname="com.crmpro.runnerClass.RunnerClass"/>
</testsuite> <!-- com.crmpro.runnerClass.RunnerClass -->
